DEBUG:root:Order:2 3 10.0
DEBUG:root:Finish turn

DEBUG:root:Order:2 4 10.0
DEBUG:root:Finish turn

DEBUG:root:Order:2 19 15.0
DEBUG:root:Finish turn

DEBUG:root:Order:2 20 15.0
DEBUG:root:Order:2 4 32
DEBUG:root:Finish turn

DEBUG:root:Order:2 15 20.0
DEBUG:root:Bad order:4 3.0 8
DEBUG:root:Finish turn

DEBUG:root:Order:2 16 20.0
DEBUG:root:Order:4 0 26.0
DEBUG:root:Order:4 2 4
DEBUG:root:Finish turn

DEBUG:root:Order:2 4 1
DEBUG:root:Finish turn

DEBUG:root:Order:2 19 6
DEBUG:root:Order:4 19 2
DEBUG:root:Finish turn

DEBUG:root:Order:2 19 11
DEBUG:root:Order:4 19 8
DEBUG:root:Finish turn

DEBUG:root:Order:2 19 1
DEBUG:root:Order:2 4 2
DEBUG:root:Finish turn

DEBUG:root:Order:2 19 1
DEBUG:root:Finish turn

DEBUG:root:Order:2 15 5
DEBUG:root:Order:4 15 2
DEBUG:root:Finish turn

DEBUG:root:Order:2 19 2
DEBUG:root:Order:2 15 1
DEBUG:root:Finish turn

DEBUG:root:Order:2 19 1
DEBUG:root:Order:2 4 2
DEBUG:root:Finish turn

DEBUG:root:Order:2 19 1
DEBUG:root:Finish turn

DEBUG:root:Order:2 19 2
DEBUG:root:Finish turn

DEBUG:root:Order:2 19 3
DEBUG:root:Order:2 4 1
DEBUG:root:Finish turn

DEBUG:root:Order:19 9 40.0
DEBUG:root:Order:2 19 11
DEBUG:root:Order:15 19 11
DEBUG:root:Order:4 19 9
DEBUG:root:Finish turn

DEBUG:root:Order:2 0 6
DEBUG:root:Order:15 0 4
DEBUG:root:Order:4 0 3
DEBUG:root:Order:19 0 1
DEBUG:root:Finish turn

DEBUG:root:Order:2 0 3
DEBUG:root:Order:15 0 1
DEBUG:root:Finish turn

DEBUG:root:Order:2 0 2
DEBUG:root:Order:2 19 1
DEBUG:root:Finish turn

DEBUG:root:Order:2 19 2
DEBUG:root:Order:2 4 2
DEBUG:root:Order:15 4 1
DEBUG:root:Finish turn

DEBUG:root:Order:19 10 40.0
DEBUG:root:Order:4 19 11
DEBUG:root:Order:2 19 10
DEBUG:root:Order:15 19 10
DEBUG:root:Finish turn

DEBUG:root:Order:2 19 2
DEBUG:root:Finish turn

DEBUG:root:Order:2 19 3
DEBUG:root:Order:2 4 1
DEBUG:root:Finish turn

DEBUG:root:Order:2 19 1
DEBUG:root:Order:2 4 1
DEBUG:root:Order:15 4 1
DEBUG:root:Finish turn

DEBUG:root:Order:2 3 9
DEBUG:root:Order:4 3 7
DEBUG:root:Order:4 20 8
DEBUG:root:Order:15 20 8
DEBUG:root:Finish turn

DEBUG:root:Order:19 3 9
DEBUG:root:Order:2 3 8
DEBUG:root:Order:15 3 2
DEBUG:root:Order:15 20 3
DEBUG:root:Order:15 4 1
DEBUG:root:Finish turn

DEBUG:root:Order:2 9 5
DEBUG:root:Order:15 9 3
DEBUG:root:Order:3 9 1
DEBUG:root:Order:4 9 1
DEBUG:root:Order:19 9 1
DEBUG:root:Finish turn

DEBUG:root:Order:2 9 11
DEBUG:root:Order:15 9 9
DEBUG:root:Bad order:3 6.0 8
DEBUG:root:Order:4 9 8
DEBUG:root:Order:19 9 7
DEBUG:root:Bad order:20 4.0 7
DEBUG:root:Finish turn

DEBUG:root:Order:3 9 8
DEBUG:root:Order:20 9 2
DEBUG:root:Bad order:20 3.0 6
DEBUG:root:Order:2 16 3
DEBUG:root:Order:15 16 1
DEBUG:root:Finish turn

DEBUG:root:Order:2 16 2
DEBUG:root:Order:2 19 2
DEBUG:root:Finish turn

DEBUG:root:Order:2 0 2
DEBUG:root:Order:15 0 2
DEBUG:root:Order:16 0 1
DEBUG:root:Finish turn

DEBUG:root:Order:2 0 5
DEBUG:root:Order:15 0 3
DEBUG:root:Order:16 0 3
DEBUG:root:Order:3 0 2
DEBUG:root:Order:4 0 2
DEBUG:root:Order:9 0 2
DEBUG:root:Finish turn

DEBUG:root:Order:2 0 2
DEBUG:root:Finish turn

DEBUG:root:Order:2 16 8
DEBUG:root:Order:15 16 6
DEBUG:root:Order:3 16 4
DEBUG:root:Order:4 16 4
DEBUG:root:Order:9 16 4
DEBUG:root:Order:0 16 2
DEBUG:root:Order:19 16 2
DEBUG:root:Finish turn

DEBUG:root:Order:2 0 1
DEBUG:root:Order:2 19 1
DEBUG:root:Order:2 3 2
DEBUG:root:Finish turn

DEBUG:root:Order:2 0 1
DEBUG:root:Order:2 19 1
DEBUG:root:Order:2 4 1
DEBUG:root:Order:15 4 1
DEBUG:root:Finish turn

DEBUG:root:Order:2 0 1
DEBUG:root:Order:2 19 1
DEBUG:root:Order:2 9 1
DEBUG:root:Order:4 9 1
DEBUG:root:Order:15 9 1
DEBUG:root:Order:16 9 1
DEBUG:root:Finish turn

DEBUG:root:Order:9 0 2
DEBUG:root:Order:9 19 2
DEBUG:root:Order:9 4 2
DEBUG:root:Finish turn

DEBUG:root:Order:2 9 3
DEBUG:root:Order:2 0 1
DEBUG:root:Order:2 19 1
DEBUG:root:Finish turn

DEBUG:root:Order:9 5 46.0
DEBUG:root:Order:15 9 16
DEBUG:root:Order:16 9 16
DEBUG:root:Order:16 19 16
DEBUG:root:Order:2 19 15
DEBUG:root:Order:2 10 13
DEBUG:root:Finish turn

DEBUG:root:Order:4 10 16
DEBUG:root:Order:0 10 4
DEBUG:root:Order:0 2 9
DEBUG:root:Order:0 19 1
DEBUG:root:Finish turn

DEBUG:root:Order:2 0 2
DEBUG:root:Order:15 0 1
DEBUG:root:Order:15 19 1
DEBUG:root:Order:15 4 2
DEBUG:root:Finish turn

DEBUG:root:Order:2 0 1
DEBUG:root:Order:2 19 1
DEBUG:root:Order:2 9 3
DEBUG:root:Order:4 9 1
DEBUG:root:Finish turn

DEBUG:root:Order:9 0 1
DEBUG:root:Order:9 19 1
DEBUG:root:Order:9 10 3
DEBUG:root:Order:2 10 1
DEBUG:root:Finish turn

DEBUG:root:Order:2 0 2
DEBUG:root:Order:2 9 2
DEBUG:root:Order:2 19 2
DEBUG:root:Order:2 4 2
DEBUG:root:Order:10 4 2
DEBUG:root:Finish turn

DEBUG:root:Order:19 6 46.0
DEBUG:root:Order:4 19 12
DEBUG:root:Order:15 19 10
DEBUG:root:Order:10 19 9
DEBUG:root:Order:9 19 7
DEBUG:root:Order:9 0 8
DEBUG:root:Order:9 20 2
DEBUG:root:Finish turn

DEBUG:root:Order:2 20 11
DEBUG:root:Order:2 9 7
DEBUG:root:Finish turn

DEBUG:root:Bad order:3 2.0 12
DEBUG:root:Order:15 4 9
DEBUG:root:Bad order:10 6.0 7
DEBUG:root:Order:9 4 5
DEBUG:root:Order:0 4 4
DEBUG:root:Order:19 4 4
DEBUG:root:Order:20 4 4
DEBUG:root:Order:2 4 1
DEBUG:root:Finish turn

DEBUG:root:Bad order:3 4.0 11
DEBUG:root:Bad order:3 4.0 5
DEBUG:root:Bad order:3 4.0 12
DEBUG:root:Order:2 0 3
DEBUG:root:Order:15 0 1
DEBUG:root:Finish turn

DEBUG:root:Order:2 3 6
DEBUG:root:Order:0 3 5
DEBUG:root:Order:0 5 5
DEBUG:root:Order:0 4 2
DEBUG:root:Finish turn

DEBUG:root:Order:15 0 5
DEBUG:root:Order:2 0 3
DEBUG:root:Order:2 3 1
DEBUG:root:Order:2 4 1
DEBUG:root:Finish turn

DEBUG:root:Order:5 20 7
DEBUG:root:Order:2 20 3
DEBUG:root:Order:15 20 3
DEBUG:root:Order:3 20 2
DEBUG:root:Order:4 20 2
DEBUG:root:Order:0 20 1
DEBUG:root:Order:19 20 1
DEBUG:root:Finish turn

DEBUG:root:Order:2 0 1
DEBUG:root:Order:2 19 1
DEBUG:root:Order:2 20 1
DEBUG:root:Order:2 3 2
DEBUG:root:Order:5 3 2
DEBUG:root:Finish turn

DEBUG:root:Order:3 0 2
DEBUG:root:Order:3 19 2
DEBUG:root:Order:3 20 2
DEBUG:root:Order:3 4 1
DEBUG:root:Finish turn

DEBUG:root:Order:5 3 4
DEBUG:root:Order:5 19 1
DEBUG:root:Order:5 20 1
DEBUG:root:Order:5 4 5
DEBUG:root:Order:2 4 2
DEBUG:root:Order:15 4 1
DEBUG:root:Finish turn

DEBUG:root:Order:4 5 3
DEBUG:root:Order:4 19 2
DEBUG:root:Order:4 20 2
DEBUG:root:Order:4 3 1
DEBUG:root:Finish turn

DEBUG:root:Order:2 4 2
DEBUG:root:Order:2 19 2
DEBUG:root:Order:2 20 2
DEBUG:root:Order:2 3 1
DEBUG:root:Finish turn

DEBUG:root:Order:5 9 8
DEBUG:root:Order:15 9 5
DEBUG:root:Order:2 9 4
DEBUG:root:Order:3 9 3
DEBUG:root:Order:4 9 2
DEBUG:root:Order:4 0 3
DEBUG:root:Order:19 0 2
DEBUG:root:Order:20 0 2
DEBUG:root:Finish turn

DEBUG:root:Order:2 4 14
DEBUG:root:Order:5 4 14
DEBUG:root:Order:15 4 7
DEBUG:root:Order:15 9 12
DEBUG:root:Order:3 9 11
DEBUG:root:Order:19 9 10
DEBUG:root:Order:20 9 2
DEBUG:root:Order:20 0 1
DEBUG:root:Finish turn

DEBUG:root:Order:20 15 5
DEBUG:root:Order:2 15 1
DEBUG:root:Order:2 0 1
DEBUG:root:Order:2 19 1
DEBUG:root:Order:2 3 2
DEBUG:root:Order:5 3 2
DEBUG:root:Finish turn

DEBUG:root:Order:5 3 5
DEBUG:root:Order:2 3 2
DEBUG:root:Order:15 3 2
DEBUG:root:Order:4 3 1
DEBUG:root:Order:9 3 1
DEBUG:root:Order:20 3 1
DEBUG:root:Finish turn

DEBUG:root:Order:2 0 3
DEBUG:root:Order:5 0 3
DEBUG:root:Order:5 3 1
DEBUG:root:Order:5 19 3
DEBUG:root:Order:15 19 1
DEBUG:root:Finish turn

DEBUG:root:Order:4 11 54.0
DEBUG:root:Order:2 4 11
DEBUG:root:Order:15 4 9
DEBUG:root:Order:9 4 8
DEBUG:root:Order:3 4 7
DEBUG:root:Order:5 4 7
DEBUG:root:Order:0 4 3
DEBUG:root:Order:0 19 6
DEBUG:root:Order:20 19 5
DEBUG:root:Finish turn

DEBUG:root:Order:2 10 3
DEBUG:root:Order:5 10 3
DEBUG:root:Order:15 10 1
DEBUG:root:Finish turn

DEBUG:root:Order:2 10 7
DEBUG:root:Order:5 10 7
DEBUG:root:Order:15 10 5
DEBUG:root:Order:3 10 4
DEBUG:root:Order:9 10 4
DEBUG:root:Order:4 10 3
DEBUG:root:Order:19 10 1
DEBUG:root:Finish turn

DEBUG:root:Order:2 19 1
DEBUG:root:Order:2 3 2
DEBUG:root:Order:5 3 2
DEBUG:root:Finish turn

DEBUG:root:Order:3 11 6
DEBUG:root:Order:5 11 6
DEBUG:root:Order:2 11 5
DEBUG:root:Order:15 11 4
DEBUG:root:Order:15 0 4
DEBUG:root:Order:4 0 2
DEBUG:root:Finish turn

DEBUG:root:Order:2 0 3
DEBUG:root:Order:5 0 3
DEBUG:root:Order:9 0 2
DEBUG:root:Order:10 0 2
DEBUG:root:Order:11 0 1
DEBUG:root:Finish turn

DEBUG:root:Order:2 0 2
DEBUG:root:Order:5 0 2
DEBUG:root:Order:5 15 2
DEBUG:root:Order:5 19 1
DEBUG:root:Order:5 4 2
DEBUG:root:Order:11 4 1
DEBUG:root:Finish turn

DEBUG:root:Order:2 6 5
DEBUG:root:Order:4 6 4
DEBUG:root:Order:11 6 4
DEBUG:root:Order:15 6 2
DEBUG:root:Order:9 6 1
DEBUG:root:Order:10 6 1
DEBUG:root:Order:20 6 1
DEBUG:root:Finish turn

DEBUG:root:Order:2 6 5
DEBUG:root:Order:5 6 5
DEBUG:root:Order:11 6 4
DEBUG:root:Order:15 6 3
DEBUG:root:Order:4 6 2
DEBUG:root:Order:9 6 2
DEBUG:root:Order:10 6 2
DEBUG:root:Order:0 6 1
DEBUG:root:Order:19 6 1
DEBUG:root:Order:20 6 1
DEBUG:root:Finish turn

DEBUG:root:Order:4 12 54.0
DEBUG:root:Order:2 4 10
DEBUG:root:Order:5 4 10
DEBUG:root:Order:11 4 9
DEBUG:root:Order:15 4 8
DEBUG:root:Order:9 4 7
DEBUG:root:Order:10 4 2
DEBUG:root:Order:10 19 7
DEBUG:root:Order:0 19 6
DEBUG:root:Order:6 19 4
DEBUG:root:Order:6 20 5
DEBUG:root:Finish turn

DEBUG:root:Order:2 20 3
DEBUG:root:Order:2 10 2
DEBUG:root:Order:2 19 2
DEBUG:root:Order:2 0 1
DEBUG:root:Order:2 6 1
DEBUG:root:Finish turn

DEBUG:root:Bad order:4 7.0 26
DEBUG:root:Order:5 11 5
DEBUG:root:Order:6 11 2
DEBUG:root:Order:15 11 1
DEBUG:root:Finish turn

DEBUG:root:Order:5 11 6
DEBUG:root:Order:15 11 4
DEBUG:root:Order:2 11 2
DEBUG:root:Order:9 11 2
DEBUG:root:Finish turn

DEBUG:root:Order:2 0 1
DEBUG:root:Order:2 4 1
DEBUG:root:Order:2 19 1
DEBUG:root:Order:2 20 1
DEBUG:root:Order:2 9 2
DEBUG:root:Order:5 9 2
DEBUG:root:Finish turn

DEBUG:root:Order:5 9 9
DEBUG:root:Bad order:11 5.0 7
DEBUG:root:Order:15 9 7
DEBUG:root:Order:2 9 5
DEBUG:root:Order:4 9 5
DEBUG:root:Order:0 9 4
DEBUG:root:Bad order:0 3.0 4
DEBUG:root:Order:19 20 4
DEBUG:root:Finish turn

DEBUG:root:Order:11 20 9
DEBUG:root:Order:2 20 3
DEBUG:root:Order:5 20 1
DEBUG:root:Order:5 0 1
DEBUG:root:Order:5 9 1
DEBUG:root:Order:5 19 1
DEBUG:root:Finish turn

DEBUG:root:Order:2 0 3
DEBUG:root:Order:5 0 2
DEBUG:root:Order:11 0 2
DEBUG:root:Order:15 0 2
DEBUG:root:Finish turn

DEBUG:root:Order:2 19 4
DEBUG:root:Order:5 19 4
DEBUG:root:Order:11 19 3
DEBUG:root:Order:15 19 2
DEBUG:root:Order:4 19 1
DEBUG:root:Order:9 19 1
DEBUG:root:Order:9 0 1
DEBUG:root:Finish turn

DEBUG:root:Order:2 20 5
DEBUG:root:Order:5 20 5
DEBUG:root:Order:11 20 4
DEBUG:root:Order:15 20 3
DEBUG:root:Order:4 20 1
DEBUG:root:Order:4 0 2
DEBUG:root:Finish turn

DEBUG:root:Order:2 0 3
DEBUG:root:Order:5 0 3
DEBUG:root:Order:11 0 2
DEBUG:root:Order:9 0 1
DEBUG:root:Order:15 0 1
DEBUG:root:Order:15 4 1
DEBUG:root:Finish turn

DEBUG:root:Order:2 0 2
DEBUG:root:Order:2 19 2
DEBUG:root:Order:2 20 2
DEBUG:root:Order:2 4 2
DEBUG:root:Order:5 4 2
DEBUG:root:Order:11 4 1
DEBUG:root:Finish turn

DEBUG:root:Order:4 2 2
DEBUG:root:Order:4 0 1
DEBUG:root:Order:4 19 1
DEBUG:root:Order:4 20 1
DEBUG:root:Order:4 9 4
DEBUG:root:Order:5 9 3
DEBUG:root:Order:11 9 2
DEBUG:root:Finish turn

DEBUG:root:Order:9 0 8
DEBUG:root:Order:5 0 3
DEBUG:root:Order:2 0 2
DEBUG:root:Order:11 0 1
DEBUG:root:Order:11 4 2
DEBUG:root:Order:15 4 1
DEBUG:root:Finish turn

DEBUG:root:Order:2 4 8
DEBUG:root:Order:5 4 8
DEBUG:root:Order:11 4 6
DEBUG:root:Order:15 4 6
DEBUG:root:Order:9 4 5
DEBUG:root:Order:0 4 3
DEBUG:root:Order:19 4 2
DEBUG:root:Order:20 4 2
DEBUG:root:Finish turn

DEBUG:root:Order:2 4 2
DEBUG:root:Order:2 19 1
DEBUG:root:Order:2 20 1
DEBUG:root:Order:2 9 2
DEBUG:root:Order:5 9 2
DEBUG:root:Order:11 9 1
DEBUG:root:Finish turn

DEBUG:root:Order:9 19 2
DEBUG:root:Order:9 2 1
DEBUG:root:Order:9 4 1
DEBUG:root:Finish turn

DEBUG:root:Order:5 19 11
DEBUG:root:Order:11 19 9
DEBUG:root:Order:2 19 8
DEBUG:root:Order:15 19 7
DEBUG:root:Order:4 19 5
DEBUG:root:Order:9 19 5
DEBUG:root:Finish turn

DEBUG:root:Order:4 13 62.0
DEBUG:root:Order:2 4 17
DEBUG:root:Order:5 4 17
DEBUG:root:Order:11 4 13
DEBUG:root:Order:11 9 16
DEBUG:root:Order:15 9 15
DEBUG:root:Finish turn

DEBUG:root:Order:19 11 10
DEBUG:root:Order:2 11 1
DEBUG:root:Order:2 4 1
DEBUG:root:Order:2 9 1
DEBUG:root:Finish turn

DEBUG:root:Order:5 4 1
DEBUG:root:Order:5 9 1
DEBUG:root:Order:5 19 1
DEBUG:root:Finish turn

DEBUG:root:Order:2 0 3
DEBUG:root:Order:2 19 2
DEBUG:root:Order:2 4 1
DEBUG:root:Order:2 9 1
DEBUG:root:Finish turn

DEBUG:root:Order:4 14 62.0
DEBUG:root:Order:5 4 14
DEBUG:root:Order:11 4 11
DEBUG:root:Order:15 4 9
DEBUG:root:Order:2 4 7
DEBUG:root:Order:9 4 7
DEBUG:root:Order:19 4 6
DEBUG:root:Order:0 4 1
DEBUG:root:Finish turn

DEBUG:root:Order:2 0 1
DEBUG:root:Order:2 19 1
DEBUG:root:Order:2 4 2
DEBUG:root:Order:5 4 2
DEBUG:root:Order:11 4 1
DEBUG:root:Finish turn

DEBUG:root:Order:5 12 8
DEBUG:root:Order:11 12 7
DEBUG:root:Order:2 12 6
DEBUG:root:Order:15 12 6
DEBUG:root:Order:9 12 2
DEBUG:root:Order:9 0 4
DEBUG:root:Order:19 0 1
DEBUG:root:Finish turn

DEBUG:root:Order:19 8 64.0
DEBUG:root:Order:2 19 12
DEBUG:root:Order:5 19 12
DEBUG:root:Order:11 19 11
DEBUG:root:Order:15 19 10
DEBUG:root:Order:0 19 8
DEBUG:root:Order:0 12 8
DEBUG:root:Order:9 12 2
DEBUG:root:Finish turn

DEBUG:root:Bad order:4 4.0 10
DEBUG:root:Order:9 0 5
DEBUG:root:Order:2 0 3
DEBUG:root:Order:5 0 3
DEBUG:root:Order:11 0 2
DEBUG:root:Order:12 0 1
DEBUG:root:Order:15 0 1
DEBUG:root:Finish turn

DEBUG:root:Order:2 4 6
DEBUG:root:Order:5 4 6
DEBUG:root:Order:11 4 5
DEBUG:root:Order:12 4 4
DEBUG:root:Order:12 0 5
DEBUG:root:Bad order:20 3.0 5
DEBUG:root:Order:15 0 4
DEBUG:root:Order:9 0 3
DEBUG:root:Finish turn

DEBUG:root:Order:2 20 3
DEBUG:root:Order:5 20 3
DEBUG:root:Order:11 20 2
DEBUG:root:Order:15 20 1
DEBUG:root:Finish turn

DEBUG:root:Order:2 9 3
DEBUG:root:Order:2 20 2
DEBUG:root:Order:2 19 1
DEBUG:root:Order:2 4 3
DEBUG:root:Order:5 4 3
DEBUG:root:Order:11 4 2
DEBUG:root:Order:15 4 1
DEBUG:root:Finish turn

DEBUG:root:Order:4 9 11
DEBUG:root:Order:5 9 6
DEBUG:root:Order:11 9 5
DEBUG:root:Order:15 9 4
DEBUG:root:Order:19 9 1
DEBUG:root:Order:20 9 1
DEBUG:root:Finish turn

DEBUG:root:Order:2 9 2
DEBUG:root:Order:5 9 2
DEBUG:root:Order:11 9 1
DEBUG:root:Finish turn

DEBUG:root:Order:2 8 21
DEBUG:root:Order:5 8 21
DEBUG:root:Order:11 8 20
DEBUG:root:Order:15 8 14
DEBUG:root:Order:15 14 19
DEBUG:root:Order:4 14 17
DEBUG:root:Bad order:9 15.0 16
DEBUG:root:Order:19 14 15
DEBUG:root:Order:20 14 15
DEBUG:root:Finish turn

DEBUG:root:Order:9 15 13
DEBUG:root:Order:9 14 7
DEBUG:root:Order:9 8 2
DEBUG:root:Order:9 19 1
DEBUG:root:Order:9 20 1
DEBUG:root:Finish turn

DEBUG:root:Order:2 15 8
DEBUG:root:Order:5 15 8
DEBUG:root:Order:11 15 6
DEBUG:root:Order:14 15 3
DEBUG:root:Order:14 9 4
DEBUG:root:Order:4 9 2
DEBUG:root:Finish turn

DEBUG:root:Order:2 14 1
DEBUG:root:Order:2 4 2
DEBUG:root:Order:5 4 2
DEBUG:root:Order:11 4 1
DEBUG:root:Finish turn

DEBUG:root:Order:13 8 5
DEBUG:root:Order:13 19 5
DEBUG:root:Order:13 20 5
DEBUG:root:Order:13 9 4
DEBUG:root:Order:13 14 2
DEBUG:root:Order:13 15 2
DEBUG:root:Order:13 2 1
DEBUG:root:Order:13 11 1
DEBUG:root:Order:13 5 32
DEBUG:root:Finish turn

DEBUG:root:Order:5 13 23
DEBUG:root:Order:5 8 2
DEBUG:root:Order:5 19 2
DEBUG:root:Order:5 20 2
DEBUG:root:Bad order:5 0.0 1
DEBUG:root:Bad order:5 0.0 33
DEBUG:root:Order:2 4 1
DEBUG:root:Finish turn

DEBUG:root:Bad order:5 5.0 9
DEBUG:root:Order:2 13 5
DEBUG:root:Order:11 13 4
DEBUG:root:Order:14 13 4
DEBUG:root:Order:4 13 2
DEBUG:root:Order:15 13 2
DEBUG:root:Finish turn

DEBUG:root:Bad order:5 10.0 12
DEBUG:root:Order:2 0 3
DEBUG:root:Order:11 0 2
DEBUG:root:Order:14 0 2
DEBUG:root:Order:15 0 1
DEBUG:root:Finish turn

DEBUG:root:Bad order:5 15.0 16
DEBUG:root:Order:2 0 4
DEBUG:root:Order:11 0 3
DEBUG:root:Order:14 0 3
DEBUG:root:Order:15 0 2
DEBUG:root:Order:4 0 1
DEBUG:root:Order:9 0 1
DEBUG:root:Finish turn

DEBUG:root:Order:5 20 20
DEBUG:root:Order:2 20 1
DEBUG:root:Order:2 0 4
DEBUG:root:Order:11 0 3
DEBUG:root:Order:14 0 3
DEBUG:root:Order:15 0 2
DEBUG:root:Order:15 13 2
DEBUG:root:Order:4 13 1
DEBUG:root:Order:9 13 1
DEBUG:root:Finish turn

DEBUG:root:Order:13 15 6
DEBUG:root:Order:5 15 4
DEBUG:root:Order:2 15 3
DEBUG:root:Order:11 15 3
DEBUG:root:Order:14 15 3
DEBUG:root:Order:4 15 1
DEBUG:root:Order:4 0 1
DEBUG:root:Order:9 0 1
DEBUG:root:Finish turn

DEBUG:root:Bad order:8 18.0 22
DEBUG:root:Order:2 5 12
DEBUG:root:Order:11 5 11
DEBUG:root:Order:14 5 11
DEBUG:root:Order:0 5 9
DEBUG:root:Order:9 5 9
DEBUG:root:Order:15 5 9
DEBUG:root:Order:4 5 2
DEBUG:root:Order:4 19 8
DEBUG:root:Order:20 19 7
DEBUG:root:Finish turn

DEBUG:root:Order:2 9 11
DEBUG:root:Order:5 9 10
DEBUG:root:Order:11 9 10
DEBUG:root:Order:14 9 10
DEBUG:root:Order:15 9 4
DEBUG:root:Bad order:15 0.0 9
DEBUG:root:Order:0 19 7
DEBUG:root:Order:20 19 7
DEBUG:root:Order:4 19 6
DEBUG:root:Order:4 8 5
DEBUG:root:Finish turn

DEBUG:root:Order:2 4 7
DEBUG:root:Bad order:5 6.0 7
DEBUG:root:Order:11 4 6
DEBUG:root:Order:14 4 6
DEBUG:root:Order:9 4 4
DEBUG:root:Order:0 4 3
DEBUG:root:Order:8 4 3
DEBUG:root:Order:19 4 3
DEBUG:root:Bad order:20 2.0 3
DEBUG:root:Finish turn

DEBUG:root:Order:5 4 9
DEBUG:root:Order:2 4 2
DEBUG:root:Order:11 4 1
DEBUG:root:Order:14 4 1
DEBUG:root:Order:20 4 1
DEBUG:root:Order:20 0 1
DEBUG:root:Order:20 8 1
DEBUG:root:Order:20 19 1
DEBUG:root:Order:20 9 1
DEBUG:root:Finish turn

DEBUG:root:Order:2 20 3
DEBUG:root:Order:5 20 1
DEBUG:root:Order:5 0 1
DEBUG:root:Order:5 8 1
DEBUG:root:Order:5 19 1
DEBUG:root:Order:5 4 3
DEBUG:root:Order:11 4 2
DEBUG:root:Order:14 4 2
DEBUG:root:Finish turn

DEBUG:root:Order:4 0 2
DEBUG:root:Order:4 8 2
DEBUG:root:Order:4 19 2
DEBUG:root:Order:4 20 2
DEBUG:root:Order:4 5 1
DEBUG:root:Order:4 9 5
DEBUG:root:Order:2 9 2
DEBUG:root:Order:11 9 1
DEBUG:root:Order:14 9 1
DEBUG:root:Finish turn

DEBUG:root:Order:9 14 17
DEBUG:root:Order:2 14 12
DEBUG:root:Order:5 14 11
DEBUG:root:Order:11 14 11
DEBUG:root:Order:8 14 7
DEBUG:root:Order:19 14 7
DEBUG:root:Finish turn

DEBUG:root:Order:2 14 2
DEBUG:root:Order:5 14 2
DEBUG:root:Order:5 8 1
DEBUG:root:Order:5 19 1
DEBUG:root:Order:5 4 2
DEBUG:root:Order:11 4 1
DEBUG:root:Finish turn

DEBUG:root:Order:2 8 2
DEBUG:root:Order:2 19 2
DEBUG:root:Order:2 5 1
DEBUG:root:Order:2 9 1
DEBUG:root:Finish turn

DEBUG:root:Order:11 0 3
DEBUG:root:Order:11 8 1
DEBUG:root:Order:11 19 1
DEBUG:root:Order:11 2 3
DEBUG:root:Order:5 2 2
DEBUG:root:Order:14 2 2
DEBUG:root:Order:4 2 1
DEBUG:root:Finish turn

DEBUG:root:Order:2 0 10
DEBUG:root:Order:5 0 3
DEBUG:root:Order:14 0 1
DEBUG:root:Order:14 11 2
DEBUG:root:Order:14 8 1
DEBUG:root:Order:14 19 1
DEBUG:root:Order:14 9 2
DEBUG:root:Finish turn

DEBUG:root:Order:2 14 2
DEBUG:root:Order:2 0 1
DEBUG:root:Order:2 8 1
DEBUG:root:Order:2 19 1
DEBUG:root:Finish turn

DEBUG:root:Order:5 0 2
DEBUG:root:Order:5 8 2
DEBUG:root:Order:5 19 2
DEBUG:root:Order:5 4 5
DEBUG:root:Order:11 4 2
DEBUG:root:Finish turn

DEBUG:root:Order:2 4 7
DEBUG:root:Order:11 4 6
DEBUG:root:Order:14 4 6
DEBUG:root:Order:9 4 4
DEBUG:root:Order:0 4 2
DEBUG:root:Order:8 4 2
DEBUG:root:Order:19 4 2
DEBUG:root:Finish turn

DEBUG:root:Order:2 9 11
DEBUG:root:Order:11 9 10
DEBUG:root:Order:14 9 10
DEBUG:root:Order:0 9 7
DEBUG:root:Order:8 9 7
DEBUG:root:Order:19 9 7
DEBUG:root:Order:5 9 2
DEBUG:root:Order:4 9 1
DEBUG:root:Finish turn

DEBUG:root:Order:2 9 2
DEBUG:root:Order:5 9 2
DEBUG:root:Order:5 0 1
DEBUG:root:Order:5 8 1
DEBUG:root:Order:5 19 1
DEBUG:root:Order:5 4 2
DEBUG:root:Order:11 4 1
DEBUG:root:Order:14 4 1
DEBUG:root:Finish turn

DEBUG:root:Order:2 11 15
DEBUG:root:Order:4 11 15
DEBUG:root:Order:14 11 14
DEBUG:root:Order:9 11 11
DEBUG:root:Order:0 11 10
DEBUG:root:Order:5 11 1
DEBUG:root:Order:5 8 10
DEBUG:root:Order:19 8 10
DEBUG:root:Finish turn

DEBUG:root:Order:2 8 2
DEBUG:root:Order:2 0 1
DEBUG:root:Order:2 19 1
DEBUG:root:Order:2 4 2
DEBUG:root:Order:5 4 1
DEBUG:root:Order:14 4 1
DEBUG:root:Finish turn

DEBUG:root:Order:4 2 20
DEBUG:root:Order:5 2 20
DEBUG:root:Order:11 2 19
DEBUG:root:Order:14 2 19
DEBUG:root:Order:9 2 16
DEBUG:root:Bad order:0 13.0 15
DEBUG:root:Order:8 2 15
DEBUG:root:Order:19 2 15
DEBUG:root:Finish turn

DEBUG:root:Bad order:0 2.0 13
DEBUG:root:Order:5 2 2
DEBUG:root:Order:11 2 1
DEBUG:root:Order:14 2 1
DEBUG:root:Finish turn

DEBUG:root:Order:5 14 8
DEBUG:root:Order:11 14 7
DEBUG:root:Bad order:0 3.0 4
DEBUG:root:Order:4 14 4
DEBUG:root:Order:9 14 4
DEBUG:root:Order:8 14 2
DEBUG:root:Order:19 14 2
DEBUG:root:Order:19 2 2
DEBUG:root:Finish turn

DEBUG:root:Order:0 19 2
DEBUG:root:Order:5 19 1
DEBUG:root:Order:5 8 1
DEBUG:root:Order:5 4 2
DEBUG:root:Order:11 4 1
DEBUG:root:Finish turn

DEBUG:root:Order:20 8 3
DEBUG:root:Order:20 19 3
DEBUG:root:Order:20 0 2
DEBUG:root:Order:20 9 2
DEBUG:root:Bad order:20 7.0 9
DEBUG:root:Order:2 5 1
DEBUG:root:Finish turn

DEBUG:root:Order:2 0 2
DEBUG:root:Order:2 8 2
DEBUG:root:Order:2 19 2
DEBUG:root:Order:2 20 2
DEBUG:root:Order:2 9 1
DEBUG:root:Order:2 4 2
DEBUG:root:Order:5 4 2
DEBUG:root:Order:11 4 1
DEBUG:root:Order:14 4 1
DEBUG:root:Finish turn

DEBUG:root:Order:5 19 9
DEBUG:root:Order:11 19 8
DEBUG:root:Order:14 19 1
DEBUG:root:Order:14 4 8
DEBUG:root:Order:9 4 3
DEBUG:root:Order:9 20 5
DEBUG:root:Order:0 20 3
DEBUG:root:Finish turn

DEBUG:root:Order:2 9 2
DEBUG:root:Order:5 9 1
DEBUG:root:Order:5 19 2
DEBUG:root:Order:5 20 2
DEBUG:root:Order:5 4 1
DEBUG:root:Order:5 0 2
DEBUG:root:Order:8 0 2
DEBUG:root:Order:11 0 1
DEBUG:root:Finish turn

DEBUG:root:Order:0 5 3
DEBUG:root:Order:0 19 2
DEBUG:root:Order:0 20 2
DEBUG:root:Order:0 4 1
DEBUG:root:Order:0 8 1
DEBUG:root:Order:0 9 1
DEBUG:root:Finish turn

DEBUG:root:Order:2 5 13
DEBUG:root:Order:11 5 11
DEBUG:root:Bad order:14 1.0 11
DEBUG:root:Order:4 5 7
DEBUG:root:Order:9 5 7
DEBUG:root:Order:8 5 6
DEBUG:root:Order:19 5 6
DEBUG:root:Bad order:20 4.0 6
DEBUG:root:Finish turn

DEBUG:root:Order:2 5 8
DEBUG:root:Order:11 5 7
DEBUG:root:Order:4 5 1
DEBUG:root:Order:4 14 5
DEBUG:root:Order:9 14 5
DEBUG:root:Order:8 14 4
DEBUG:root:Order:19 14 1
DEBUG:root:Order:19 20 4
DEBUG:root:Finish turn

DEBUG:root:Order:2 11 8
DEBUG:root:Bad order:0 3.0 7
DEBUG:root:Order:5 11 7
DEBUG:root:Order:14 11 6
DEBUG:root:Order:9 11 5
DEBUG:root:Order:4 11 4
DEBUG:root:Order:8 11 4
DEBUG:root:Order:19 11 3
DEBUG:root:Order:20 11 3
DEBUG:root:Finish turn

DEBUG:root:Order:2 11 2
DEBUG:root:Order:5 11 2
DEBUG:root:Order:14 11 1
DEBUG:root:Order:14 19 1
DEBUG:root:Order:14 20 1
DEBUG:root:Order:14 0 1
DEBUG:root:Finish turn

DEBUG:root:Order:2 19 2
DEBUG:root:Order:2 20 2
DEBUG:root:Order:2 0 1
DEBUG:root:Order:2 9 1
DEBUG:root:Order:2 14 1
DEBUG:root:Finish turn

DEBUG:root:Order:5 0 5
DEBUG:root:Order:5 2 1
DEBUG:root:Order:5 19 1
DEBUG:root:Order:5 20 1
DEBUG:root:Order:5 9 5
DEBUG:root:Order:11 9 2
DEBUG:root:Order:14 9 1
DEBUG:root:Finish turn

DEBUG:root:Order:9 5 5
DEBUG:root:Order:9 0 2
DEBUG:root:Order:9 19 2
DEBUG:root:Order:9 20 2
DEBUG:root:Finish turn

DEBUG:root:Order:2 4 6
DEBUG:root:Order:11 4 5
DEBUG:root:Order:14 4 2
DEBUG:root:Order:14 0 4
DEBUG:root:Order:14 9 3
DEBUG:root:Finish turn

DEBUG:root:Order:5 4 8
DEBUG:root:Order:2 4 4
DEBUG:root:Order:11 4 3
DEBUG:root:Order:9 4 1
DEBUG:root:Finish turn

DEBUG:root:Order:2 14 8
DEBUG:root:Order:5 14 8
DEBUG:root:Order:11 14 7
DEBUG:root:Order:9 14 5
DEBUG:root:Order:19 14 4
DEBUG:root:Order:20 14 1
DEBUG:root:Order:20 0 4
DEBUG:root:Order:4 0 1
DEBUG:root:Finish turn

DEBUG:root:Order:2 9 7
DEBUG:root:Order:5 9 7
DEBUG:root:Bad order:11 5.0 6
DEBUG:root:Order:14 9 5
DEBUG:root:Order:4 9 4
DEBUG:root:Order:19 9 3
DEBUG:root:Finish turn

DEBUG:root:Order:2 11 11
DEBUG:root:Order:5 11 11
DEBUG:root:Order:14 11 10
DEBUG:root:Order:4 11 1
DEBUG:root:Order:4 19 8
DEBUG:root:Order:0 19 6
DEBUG:root:Order:9 19 3
DEBUG:root:Finish turn

DEBUG:root:Order:2 19 2
DEBUG:root:Order:2 0 1
DEBUG:root:Order:2 4 1
DEBUG:root:Order:2 9 2
DEBUG:root:Order:5 9 2
DEBUG:root:Order:14 9 1
DEBUG:root:Finish turn

DEBUG:root:Order:9 0 2
DEBUG:root:Order:9 19 2
DEBUG:root:Order:9 2 1
DEBUG:root:Order:9 4 1
DEBUG:root:Finish turn

DEBUG:root:Order:11 5 13
DEBUG:root:Order:14 5 13
DEBUG:root:Order:2 5 12
DEBUG:root:Order:4 5 9
DEBUG:root:Order:0 5 8
DEBUG:root:Order:19 5 8
DEBUG:root:Order:9 5 7
DEBUG:root:Finish turn

DEBUG:root:Order:2 0 1
DEBUG:root:Order:2 19 1
DEBUG:root:Order:2 4 2
DEBUG:root:Order:11 4 1
DEBUG:root:Order:14 4 1
DEBUG:root:Finish turn

DEBUG:root:Order:5 4 5
DEBUG:root:Order:11 4 5
DEBUG:root:Order:2 4 4
DEBUG:root:Order:9 4 2
DEBUG:root:Order:0 4 1
DEBUG:root:Order:19 4 1
DEBUG:root:Finish turn

DEBUG:root:Order:2 4 2
DEBUG:root:Order:5 4 1
DEBUG:root:Order:5 0 1
DEBUG:root:Order:5 19 1
DEBUG:root:Order:5 9 2
DEBUG:root:Order:11 9 1
DEBUG:root:Finish turn

DEBUG:root:Order:9 2 21
DEBUG:root:Order:11 2 21
DEBUG:root:Order:5 2 19
DEBUG:root:Order:4 2 18
DEBUG:root:Bad order:0 9.0 17
DEBUG:root:Order:19 2 17
DEBUG:root:Finish turn

DEBUG:root:Bad order:0 1.0 15
DEBUG:root:Order:5 2 2
DEBUG:root:Order:11 2 1
DEBUG:root:Finish turn

DEBUG:root:Bad order:0 7.0 9
DEBUG:root:Order:5 2 3
DEBUG:root:Order:11 2 2
DEBUG:root:Finish turn

DEBUG:root:Order:0 2 4
DEBUG:root:Order:0 19 4
DEBUG:root:Bad order:0 0.0 1
DEBUG:root:Bad order:0 0.0 1
DEBUG:root:Finish turn

DEBUG:root:Order:5 4 2
DEBUG:root:Order:5 9 2
DEBUG:root:Order:5 19 2
DEBUG:root:Finish turn

DEBUG:root:Order:2 19 2
DEBUG:root:Order:2 4 1
DEBUG:root:Order:2 9 1
DEBUG:root:Finish turn

DEBUG:root:Order:5 9 5
DEBUG:root:Order:2 9 4
DEBUG:root:Order:4 9 1
DEBUG:root:Finish turn

DEBUG:root:Order:2 9 2
DEBUG:root:Order:5 9 1
DEBUG:root:Order:5 4 2
DEBUG:root:Finish turn

DEBUG:root:Order:2 9 1
DEBUG:root:Finish turn

DEBUG:root:Order:2 4 9
DEBUG:root:Order:5 4 9
DEBUG:root:Order:9 4 4
DEBUG:root:Finish turn

DEBUG:root:Order:2 4 1
DEBUG:root:Order:5 4 1
DEBUG:root:Order:5 9 1
DEBUG:root:Finish turn

DEBUG:root:Order:2 4 1
DEBUG:root:Finish turn

DEBUG:root:Order:2 4 1
DEBUG:root:Order:5 4 1
DEBUG:root:Finish turn

DEBUG:root:Order:2 5 31
DEBUG:root:Order:4 5 26
DEBUG:root:Bad order:19 1.0 4
DEBUG:root:Finish turn

DEBUG:root:Order:2 19 4
DEBUG:root:Order:2 5 2
DEBUG:root:Finish turn

DEBUG:root:Order:5 19 1
DEBUG:root:Finish turn

DEBUG:root:Order:2 19 2
DEBUG:root:Order:5 19 2
DEBUG:root:Finish turn

DEBUG:root:Order:2 19 1
DEBUG:root:Order:5 19 1
DEBUG:root:Finish turn

DEBUG:root:Order:2 9 4
DEBUG:root:Order:5 9 3
DEBUG:root:Order:5 19 1
DEBUG:root:Finish turn

DEBUG:root:Order:2 9 7
DEBUG:root:Order:5 9 7
DEBUG:root:Order:19 9 3
DEBUG:root:Finish turn

DEBUG:root:Order:2 9 2
DEBUG:root:Order:5 9 1
DEBUG:root:Order:5 19 1
DEBUG:root:Finish turn

DEBUG:root:Order:2 19 5
DEBUG:root:Order:5 19 5
DEBUG:root:Order:9 19 1
DEBUG:root:Finish turn

DEBUG:root:Order:2 19 1
DEBUG:root:Order:5 19 1
DEBUG:root:Order:5 9 1
DEBUG:root:Finish turn

DEBUG:root:Order:2 19 2
DEBUG:root:Order:2 9 1
DEBUG:root:Finish turn

DEBUG:root:Order:5 19 2
DEBUG:root:Order:5 9 1
DEBUG:root:Finish turn

DEBUG:root:Order:5 2 11
DEBUG:root:Order:9 2 7
DEBUG:root:Order:19 2 6
DEBUG:root:Finish turn

DEBUG:root:Order:5 19 2
DEBUG:root:Order:5 9 1
DEBUG:root:Finish turn

DEBUG:root:Bad order:9 22.0 24
DEBUG:root:Bad order:19 15.0 23
DEBUG:root:Finish turn

DEBUG:root:Order:9 5 24
DEBUG:root:Bad order:19 19.0 22
DEBUG:root:Finish turn

DEBUG:root:Order:19 5 20
DEBUG:root:Finish turn

DEBUG:root:Order:2 5 1
DEBUG:root:Finish turn

DEBUG:root:Order:5 2 5
DEBUG:root:Finish turn

DEBUG:root:Finish turn

DEBUG:root:Finish turn

DEBUG:root:Finish turn

DEBUG:root:Finish turn

DEBUG:root:Finish turn

DEBUG:root:Finish turn

DEBUG:root:Finish turn

DEBUG:root:Finish turn

DEBUG:root:Finish turn

DEBUG:root:Finish turn

DEBUG:root:Finish turn

DEBUG:root:Finish turn

